0 info it worked if it ends with ok
1 verbose cli [ 'E:\\node\\node.exe',
1 verbose cli   'E:\\node\\node_modules\\npm\\bin\\npm-cli.js',
1 verbose cli   'run',
1 verbose cli   'server' ]
2 info using npm@3.10.10
3 info using node@v6.11.2
4 verbose run-script [ 'preserver', 'server', 'postserver' ]
5 info lifecycle webpackDe@1.0.0~preserver: webpackDe@1.0.0
6 silly lifecycle webpackDe@1.0.0~preserver: no script for preserver, continuing
7 info lifecycle webpackDe@1.0.0~server: webpackDe@1.0.0
8 verbose lifecycle webpackDe@1.0.0~server: unsafe-perm in lifecycle true
9 verbose lifecycle webpackDe@1.0.0~server: PATH: E:\node\node_modules\npm\bin\node-gyp-bin;D:\project\学习资料\就业班\三大框架\vue第4天\zi\webpackDe\node_modules\.bin;C:\Program Files (x86)\Intel\iCLS Client\;C:\Program Files\Intel\iCLS Client\;C:\Program Files (x86)\NVIDIA Corporation\PhysX\Common;C:\WINDOWS\system32;C:\WINDOWS;C:\WINDOWS\System32\Wbem;C:\WINDOWS\System32\WindowsPowerShell\v1.0\;C:\Program Files\Intel\Intel(R) Management Engine Components\DAL;C:\Program Files\Intel\Intel(R) Management Engine Components\IPT;C:\Program Files (x86)\Intel\Intel(R) Management Engine Components\DAL;C:\Program Files (x86)\Intel\Intel(R) Management Engine Components\IPT;C:\Program Files\Lenovo\Bluetooth Software\;C:\Program Files\Lenovo\Bluetooth Software\syswow64;C:\Program Files (x86)\Lenovo\Lenovo Home\;D:\IT work\wamp\MySQL\MySQL Server 5.5\bin;D:\IT work\git\Git\cmd;E:\node\;C:\Users\rw\AppData\Local\Microsoft\WindowsApps;D:\IT work\VSCode\Microsoft VS Code\bin;C:\Users\rw\AppData\Roaming\npm
10 verbose lifecycle webpackDe@1.0.0~server: CWD: D:\project\学习资料\就业班\三大框架\vue第4天\zi\webpackDe
11 silly lifecycle webpackDe@1.0.0~server: Args: [ '/d /s /c',
11 silly lifecycle   'webpack-dev-server --hot --open --content-base src' ]
12 silly lifecycle webpackDe@1.0.0~server: Returned: code: 3221225786  signal: null
13 info lifecycle webpackDe@1.0.0~server: Failed to exec server script
14 verbose stack Error: webpackDe@1.0.0 server: `webpack-dev-server --hot --open --content-base src`
14 verbose stack Exit status 3221225786
14 verbose stack     at EventEmitter.<anonymous> (E:\node\node_modules\npm\lib\utils\lifecycle.js:255:16)
14 verbose stack     at emitTwo (events.js:106:13)
14 verbose stack     at EventEmitter.emit (events.js:191:7)
14 verbose stack     at ChildProcess.<anonymous> (E:\node\node_modules\npm\lib\utils\spawn.js:40:14)
14 verbose stack     at emitTwo (events.js:106:13)
14 verbose stack     at ChildProcess.emit (events.js:191:7)
14 verbose stack     at maybeClose (internal/child_process.js:891:16)
14 verbose stack     at Process.ChildProcess._handle.onexit (internal/child_process.js:226:5)
15 verbose pkgid webpackDe@1.0.0
16 verbose cwd D:\project\学习资料\就业班\三大框架\vue第4天\zi\webpackDe
17 error Windows_NT 10.0.14393
18 error argv "E:\\node\\node.exe" "E:\\node\\node_modules\\npm\\bin\\npm-cli.js" "run" "server"
19 error node v6.11.2
20 error npm  v3.10.10
21 error code ELIFECYCLE
22 error webpackDe@1.0.0 server: `webpack-dev-server --hot --open --content-base src`
22 error Exit status 3221225786
23 error Failed at the webpackDe@1.0.0 server script 'webpack-dev-server --hot --open --content-base src'.
23 error Make sure you have the latest version of node.js and npm installed.
23 error If you do, this is most likely a problem with the webpackDe package,
23 error not with npm itself.
23 error Tell the author that this fails on your system:
23 error     webpack-dev-server --hot --open --content-base src
23 error You can get information on how to open an issue for this project with:
23 error     npm bugs webpackDe
23 error Or if that isn't available, you can get their info via:
23 error     npm owner ls webpackDe
23 error There is likely additional logging output above.
24 verbose exit [ 1, true ]
